  0%|          | 0/2 [00:00<?, ?it/s]/home/ywatanabe/proj/siEEG_ripple_dev/./scripts/detect_ripples.py:73: FutureWarning: Downcasting behavior in `replace` is deprecated and will be removed in a future version. To retain the old behavior, explicitly call `result.infer_objects(copy=False)`. To opt-in to the future behavior, set `pd.set_option('future.no_silent_downcasting', True)`
  trials_info["correct"] = trials_info["correct"].replace(
/usr/local/lib64/python3.9/site-packages/torch/cuda/__init__.py:118: UserWarning: CUDA initialization: The NVIDIA driver on your system is too old (found version 11040). Please update your GPU driver by downloading and installing a new version from the URL: http://www.nvidia.com/Download/index.aspx Alternatively, go to: https://pytorch.org to install a PyTorch version that has been compiled with your version of the CUDA driver. (Triggered internally at ../c10/cuda/CUDAFunctions.cpp:108.)
  return torch._C._cuda_getDeviceCount() > 0
/usr/local/lib/python3.9/site-packages/ripple_detection/core.py:47: FutureWarning: Downcasting object dtype arrays on .fillna, .ffill, .bfill is deprecated and will change in a future version. Call result.infer_objects(copy=False) instead. To opt-in to the future behavior, set `pd.set_option('future.no_silent_downcasting', True)`
  is_start_time = (~series.shift(1).fillna(False)) & series
/usr/local/lib/python3.9/site-packages/ripple_detection/core.py:50: FutureWarning: Downcasting object dtype arrays on .fillna, .ffill, .bfill is deprecated and will change in a future version. Call result.infer_objects(copy=False) instead. To opt-in to the future behavior, set `pd.set_option('future.no_silent_downcasting', True)`
  is_end_time = series & (~series.shift(-1).fillna(False))
  0%|          | 0/2 [01:46<?, ?it/s]
Traceback (most recent call last):
  File "/home/ywatanabe/proj/siEEG_ripple_dev/./scripts/detect_ripples.py", line 437, in <module>
    main()
  File "/home/ywatanabe/proj/siEEG_ripple_dev/./scripts/detect_ripples.py", line 407, in main
    detect_ripples(
  File "/home/ywatanabe/proj/siEEG_ripple_dev/./scripts/detect_ripples.py", line 231, in detect_ripples
    rip_dfs.append(rip_df)
  File "/home/ywatanabe/proj/siEEG_ripple_dev/./scripts/detect_ripples.py", line 231, in detect_ripples
    rip_dfs.append(rip_df)
  File "/usr/lib64/python3.9/bdb.py", line 88, in trace_dispatch
    return self.dispatch_line(frame)
  File "/usr/lib64/python3.9/bdb.py", line 113, in dispatch_line
    if self.quitting: raise BdbQuit
bdb.BdbQuit

If you suspect this is an IPython 7.34.0 bug, please report it at:
    https://github.com/ipython/ipython/issues
or send an email to the mailing list at ipython-dev@python.org

You can print a more detailed traceback right now with "%tb", or use "%debug"
to interactively debug it.

Extra-detailed tracebacks for bug-reporting purposes can be enabled via:
    %config Application.verbose_crash=True

