Traceback (most recent call last):
  File "/home/ywatanabe/proj/siEEG_ripple_dev/scripts/utils/load/nix_2_csv_and_pkl.py", line 356, in <module>
    main()
  File "/home/ywatanabe/proj/siEEG_ripple_dev/scripts/utils/load/nix_2_csv_and_pkl.py", line 56, in main
    meta_df, trials_info, iEEG, EEG, spike_times = load_h5(f, iEEG_ROI)
  File "/home/ywatanabe/proj/siEEG_ripple_dev/scripts/utils/load/nix_2_csv_and_pkl.py", line 101, in load_h5
    _signals = get_signals(f, iEEG_ROI=iEEG_ROI)
  File "/home/ywatanabe/proj/siEEG_ripple_dev/scripts/utils/load/nix_2_csv_and_pkl.py", line 307, in get_signals
    iEEG_trial = _in_get_signals_trial(f, trial_number=i_trial + 1)["iEEG"]
  File "/home/ywatanabe/proj/siEEG_ripple_dev/scripts/utils/load/nix_2_csv_and_pkl.py", line 266, in _in_get_signals_trial
    st_keys = mngs.general.search(
  File "/home/ywatanabe/proj/siEEG_ripple_dev/scripts/externals/mngs/src/mngs/general/misc.py", line 169, in search
    strings = to_str_list(strings)
  File "/home/ywatanabe/proj/siEEG_ripple_dev/scripts/externals/mngs/src/mngs/general/misc.py", line 149, in to_str_list
    data_arr = np.array(data).astype(str)
  File "/usr/local/lib64/python3.9/site-packages/h5py/_hl/base.py", line 388, in __str__
    return "<KeysViewHDF5 {}>".format(list(self))
  File "/usr/lib64/python3.9/_collections_abc.py", line 826, in __iter__
    yield from self._mapping
  File "/usr/local/lib64/python3.9/site-packages/h5py/_hl/group.py", line 499, in __iter__
    for x in self.id.__iter__():
KeyboardInterrupt
