Initializing parameters using factor analysis...

Fitting GPFA model...
[93m
Saved to: /home/ywatanabe/proj/siEEG_ripple_dev/data/Sub_01/Session_01/NT/AHL_match_None.npy
[0m

Error raised during GPFA calculation. Skipping.:

The input must be a list of SpikeTrain

Error raised during GPFA calculation. Skipping.:

The input must be a list of SpikeTrain

Error raised during GPFA calculation. Skipping.:

The input must be a list of SpikeTrain
Initializing parameters using factor analysis...

Fitting GPFA model...
[93m
Saved to: /home/ywatanabe/proj/siEEG_ripple_dev/data/Sub_01/Session_01/NT/ECL_match_None.npy
[0m

Error raised during GPFA calculation. Skipping.:

The input must be a list of SpikeTrain

Error raised during GPFA calculation. Skipping.:

The input must be a list of SpikeTrain
Initializing parameters using factor analysis...

Fitting GPFA model...
[93m
Saved to: /home/ywatanabe/proj/siEEG_ripple_dev/data/Sub_01/Session_01/NT/PHR_match_None.npy
[0m
Initializing parameters using factor analysis...

Fitting GPFA model...
