[93m
Saved to: /home/ywatanabe/proj/siEEG_ripple_dev/scripts/utils/load/nix_2_csv_and_pkl/data/Sub_01/Session_01/meta.csv
[0m
[93m
Saved to: /home/ywatanabe/proj/siEEG_ripple_dev/scripts/utils/load/nix_2_csv_and_pkl/data/Sub_01/Session_01/trials_info.csv
[0m
[93m
Saved to: /home/ywatanabe/proj/siEEG_ripple_dev/scripts/utils/load/nix_2_csv_and_pkl/data/Sub_01/Session_01/iEEG/AHL.pkl
[0m
[93m
Saved to: /home/ywatanabe/proj/siEEG_ripple_dev/scripts/utils/load/nix_2_csv_and_pkl/data/Sub_01/Session_01/EEG.pkl
[0m
[93m
Saved to: /home/ywatanabe/proj/siEEG_ripple_dev/scripts/utils/load/nix_2_csv_and_pkl/data/Sub_01/Session_01/spike_times/AHL.pkl
[0m
[93m
Saved to: /home/ywatanabe/proj/siEEG_ripple_dev/scripts/utils/load/nix_2_csv_and_pkl/data/Sub_01/Session_02/meta.csv
[0m
[93m
Saved to: /home/ywatanabe/proj/siEEG_ripple_dev/scripts/utils/load/nix_2_csv_and_pkl/data/Sub_01/Session_02/trials_info.csv
[0m
[93m
Saved to: /home/ywatanabe/proj/siEEG_ripple_dev/scripts/utils/load/nix_2_csv_and_pkl/data/Sub_01/Session_02/iEEG/AHL.pkl
[0m
[93m
Saved to: /home/ywatanabe/proj/siEEG_ripple_dev/scripts/utils/load/nix_2_csv_and_pkl/data/Sub_01/Session_02/EEG.pkl
[0m
[93m
Saved to: /home/ywatanabe/proj/siEEG_ripple_dev/scripts/utils/load/nix_2_csv_and_pkl/data/Sub_01/Session_02/spike_times/AHL.pkl
[0m
[93m
Saved to: /home/ywatanabe/proj/siEEG_ripple_dev/scripts/utils/load/nix_2_csv_and_pkl/data/Sub_01/Session_03/meta.csv
[0m
[93m
Saved to: /home/ywatanabe/proj/siEEG_ripple_dev/scripts/utils/load/nix_2_csv_and_pkl/data/Sub_01/Session_03/trials_info.csv
[0m
[93m
Saved to: /home/ywatanabe/proj/siEEG_ripple_dev/scripts/utils/load/nix_2_csv_and_pkl/data/Sub_01/Session_03/iEEG/AHL.pkl
[0m
[93m
Saved to: /home/ywatanabe/proj/siEEG_ripple_dev/scripts/utils/load/nix_2_csv_and_pkl/data/Sub_01/Session_03/EEG.pkl
[0m
[93m
Saved to: /home/ywatanabe/proj/siEEG_ripple_dev/scripts/utils/load/nix_2_csv_and_pkl/data/Sub_01/Session_03/spike_times/AHL.pkl
[0m
[93m
Saved to: /home/ywatanabe/proj/siEEG_ripple_dev/scripts/utils/load/nix_2_csv_and_pkl/data/Sub_01/Session_04/meta.csv
[0m
[93m
Saved to: /home/ywatanabe/proj/siEEG_ripple_dev/scripts/utils/load/nix_2_csv_and_pkl/data/Sub_01/Session_04/trials_info.csv
[0m
[93m
Saved to: /home/ywatanabe/proj/siEEG_ripple_dev/scripts/utils/load/nix_2_csv_and_pkl/data/Sub_01/Session_04/iEEG/AHL.pkl
[0m
[93m
Saved to: /home/ywatanabe/proj/siEEG_ripple_dev/scripts/utils/load/nix_2_csv_and_pkl/data/Sub_01/Session_04/EEG.pkl
[0m
[93m
Saved to: /home/ywatanabe/proj/siEEG_ripple_dev/scripts/utils/load/nix_2_csv_and_pkl/data/Sub_01/Session_04/spike_times/AHL.pkl
[0m
[93m
Saved to: /home/ywatanabe/proj/siEEG_ripple_dev/scripts/utils/load/nix_2_csv_and_pkl/data/Sub_02/Session_01/meta.csv
[0m
[93m
Saved to: /home/ywatanabe/proj/siEEG_ripple_dev/scripts/utils/load/nix_2_csv_and_pkl/data/Sub_02/Session_01/trials_info.csv
[0m
[93m
Saved to: /home/ywatanabe/proj/siEEG_ripple_dev/scripts/utils/load/nix_2_csv_and_pkl/data/Sub_02/Session_01/iEEG/AHL.pkl
[0m
[93m
Saved to: /home/ywatanabe/proj/siEEG_ripple_dev/scripts/utils/load/nix_2_csv_and_pkl/data/Sub_02/Session_01/EEG.pkl
[0m
[93m
Saved to: /home/ywatanabe/proj/siEEG_ripple_dev/scripts/utils/load/nix_2_csv_and_pkl/data/Sub_02/Session_01/spike_times/AHL.pkl
[0m
