Traceback (most recent call last):
  File "/home/ywatanabe/proj/siEEG_ripple_dev/./scripts/calc_NT_with_GPFA.py", line 139, in <module>
    mngs.gen.close(CONFIG, verbose=False, notify=False)
  File "/home/ywatanabe/proj/siEEG_ripple_dev/./scripts/calc_NT_with_GPFA.py", line 110, in main
    trajs = np.stack(gpfa.fit_transform(spike_trains), axis=0)
  File "/usr/local/lib64/python3.9/site-packages/elephant/utils.py", line 446, in wrapper
    return method(*new_args, **new_kwargs)
  File "/usr/local/lib64/python3.9/site-packages/elephant/gpfa/gpfa.py", line 534, in fit_transform
    self.fit(spiketrains)
  File "/usr/local/lib64/python3.9/site-packages/elephant/utils.py", line 446, in wrapper
    return method(*new_args, **new_kwargs)
  File "/usr/local/lib64/python3.9/site-packages/elephant/gpfa/gpfa.py", line 365, in fit
    self.params_estimated, self.fit_info = gpfa_core.fit(
  File "/usr/local/lib64/python3.9/site-packages/elephant/gpfa/gpfa_core.py", line 138, in fit
    params_est, seqs_train_cut, ll_cut, iter_time = em(
  File "/usr/local/lib64/python3.9/site-packages/elephant/gpfa/gpfa_core.py", line 239, in em
    seqs_latent, ll = exact_inference_with_ll(seqs_train, params,
  File "/usr/local/lib64/python3.9/site-packages/elephant/gpfa/gpfa_core.py", line 413, in exact_inference_with_ll
    dif = np.hstack(seqs_latent[n_list]['y']) - params['d'][:, np.newaxis]
  File "/usr/local/lib64/python3.9/site-packages/numpy/core/shape_base.py", line 359, in hstack
    return _nx.concatenate(arrs, 1, dtype=dtype, casting=casting)
KeyboardInterrupt
