[93m
Saved to: /home/ywatanabe/proj/siEEG_ripple_dev/scripts/detect_ripples/rips_df/common_average_2_sd_AHL.pkl
[0m
[93m
Saved to: /home/ywatanabe/proj/siEEG_ripple_dev/scripts/detect_ripples/rips_df/common_average_2_sd_AHR.pkl
[0m
[93m
Saved to: /home/ywatanabe/proj/siEEG_ripple_dev/scripts/detect_ripples/rips_df/common_average_2_sd_PHL.pkl
[0m
[93m
Saved to: /home/ywatanabe/proj/siEEG_ripple_dev/scripts/detect_ripples/rips_df/common_average_2_sd_PHR.pkl
[0m
[93m
Saved to: /home/ywatanabe/proj/siEEG_ripple_dev/scripts/detect_ripples/rips_df/common_average_2_sd_ECL.pkl
[0m
[93m
Saved to: /home/ywatanabe/proj/siEEG_ripple_dev/scripts/detect_ripples/rips_df/common_average_2_sd_ECR.pkl
[0m
[93m
Saved to: /home/ywatanabe/proj/siEEG_ripple_dev/scripts/detect_ripples/rips_df/common_average_2_sd_AL.pkl
[0m
[93m
Saved to: /home/ywatanabe/proj/siEEG_ripple_dev/scripts/detect_ripples/rips_df/common_average_2_sd_AR.pkl
[0m
[93m
----------------------------------------
Congratulations! The script completed.

/home/ywatanabe/proj/siEEG_ripple_dev/scripts/detect_ripples/2024Y-05M-28D-10h26m57s_DV3F/
----------------------------------------
[0m
